  Camera.cpp
  CoordinateLevel.cpp
D:\Programming\C++\Solving the cube\Solving the cube\CoordinateLevel.cpp(133,21): warning C4244: 'argument': conversion from 'unsigned short' to 'const T', possible loss of data
          with
          [
              T=unsigned char
          ]
  CubeView.cpp
D:\Programming\C++\Solving the cube\Solving the cube\CubeView.cpp(240,18): warning C4244: '=': conversion from 'double' to 'float', possible loss of data
D:\Programming\C++\Solving the cube\Solving the cube\CubeView.cpp(241,18): warning C4244: '=': conversion from 'double' to 'float', possible loss of data
  Cubelet.cpp
  CubieLevel.cpp
D:\Programming\C++\Solving the cube\Solving the cube\CubieLevel.cpp(206,20): warning C4244: '=': conversion from 'unsigned short' to 'unsigned char', possible loss of data
D:\Programming\C++\Solving the cube\Solving the cube\CubieLevel.cpp(329,9): warning C4244: 'initializing': conversion from 'unsigned short' to 'char', possible loss of data
D:\Programming\C++\Solving the cube\Solving the cube\CubieLevel.cpp(372,15): warning C4244: 'argument': conversion from 'unsigned short' to 'const unsigned char', possible loss of data
  IndexBuffer.cpp
  Renderer.cpp
  Shader.cpp
  VertexArray.cpp
  VertexBuffer.cpp
  VertexBufferLayout.cpp
  imgui_impl_glfw_gl3.cpp
  Main.cpp
  Scrambler.cpp
  Solver.cpp
  Window.cpp
  Generating Code...
  cutils.lib(CUtils.obj) : MSIL .netmodule or module compiled with /GL found; restarting link with /LTCG; add /LTCG to the link command line to improve linker performance
LINK : warning LNK4098: defaultlib 'LIBCMT' conflicts with use of other libs; use /NODEFAULTLIB:library
  Generating code
  Finished generating code
cutils.lib(CUtils.obj) : warning LNK4099: PDB 'cutils.pdb' was not found with 'cutils.lib(CUtils.obj)' or at 'D:\Programming\C++\Solving the cube\Solving the cube\build\bin\Solving the cube-Release-x86\cutils.pdb'; linking object as if no debug info
glew32s.lib(glew.obj) : warning LNK4099: PDB 'vc120.pdb' was not found with 'glew32s.lib(glew.obj)' or at 'D:\Programming\C++\Solving the cube\Solving the cube\build\bin\Solving the cube-Release-x86\vc120.pdb'; linking object as if no debug info
  Solving the cube.vcxproj -> D:\Programming\C++\Solving the cube\Solving the cube\build\bin\Solving the cube-Release-x86\Solving the cube.exe
