c:\users\caeta\documents\programming\c++\solving the cube\solving the cube\build\obj\solving the cube-debug-x86\vc142.pdb
c:\users\caeta\documents\programming\c++\solving the cube\solving the cube\build\obj\solving the cube-debug-x86\window.obj
c:\users\caeta\documents\programming\c++\solving the cube\solving the cube\build\obj\solving the cube-debug-x86\solver.obj
c:\users\caeta\documents\programming\c++\solving the cube\solving the cube\build\obj\solving the cube-debug-x86\scrambler.obj
c:\users\caeta\documents\programming\c++\solving the cube\solving the cube\build\obj\solving the cube-debug-x86\main.obj
c:\users\caeta\documents\programming\c++\solving the cube\solving the cube\build\obj\solving the cube-debug-x86\imgui_impl_glfw_gl3.obj
c:\users\caeta\documents\programming\c++\solving the cube\solving the cube\build\obj\solving the cube-debug-x86\imgui_draw.obj
c:\users\caeta\documents\programming\c++\solving the cube\solving the cube\build\obj\solving the cube-debug-x86\imgui_demo.obj
c:\users\caeta\documents\programming\c++\solving the cube\solving the cube\build\obj\solving the cube-debug-x86\imgui.obj
c:\users\caeta\documents\programming\c++\solving the cube\solving the cube\build\obj\solving the cube-debug-x86\vertexbufferlayout.obj
c:\users\caeta\documents\programming\c++\solving the cube\solving the cube\build\obj\solving the cube-debug-x86\vertexbuffer.obj
c:\users\caeta\documents\programming\c++\solving the cube\solving the cube\build\obj\solving the cube-debug-x86\vertexarray.obj
c:\users\caeta\documents\programming\c++\solving the cube\solving the cube\build\obj\solving the cube-debug-x86\shader.obj
c:\users\caeta\documents\programming\c++\solving the cube\solving the cube\build\obj\solving the cube-debug-x86\renderer.obj
c:\users\caeta\documents\programming\c++\solving the cube\solving the cube\build\obj\solving the cube-debug-x86\indexbuffer.obj
c:\users\caeta\documents\programming\c++\solving the cube\solving the cube\build\obj\solving the cube-debug-x86\cubielevel.obj
c:\users\caeta\documents\programming\c++\solving the cube\solving the cube\build\obj\solving the cube-debug-x86\cubelet.obj
c:\users\caeta\documents\programming\c++\solving the cube\solving the cube\build\obj\solving the cube-debug-x86\cubeview.obj
c:\users\caeta\documents\programming\c++\solving the cube\solving the cube\build\obj\solving the cube-debug-x86\coordinatelevel.obj
c:\users\caeta\documents\programming\c++\solving the cube\solving the cube\build\obj\solving the cube-debug-x86\camera.obj
c:\users\caeta\documents\programming\c++\solving the cube\solving the cube\build\obj\solving the cube-debug-x86\boundingbox.obj
c:\users\caeta\documents\programming\c++\solving the cube\solving the cube\build\bin\solving the cube-debug-x86\solving the cube.exe
c:\users\caeta\documents\programming\c++\solving the cube\solving the cube\build\bin\solving the cube-debug-x86\solving the cube.pdb
c:\users\caeta\documents\programming\c++\solving the cube\solving the cube\build\obj\solving the cube-debug-x86\main1.obj
c:\users\caeta\documents\programming\c++\solving the cube\solving the cube\build\obj\solving the cube-debug-x86\solving the cube.tlog\cl.command.1.tlog
c:\users\caeta\documents\programming\c++\solving the cube\solving the cube\build\obj\solving the cube-debug-x86\solving the cube.tlog\cl.read.1.tlog
c:\users\caeta\documents\programming\c++\solving the cube\solving the cube\build\obj\solving the cube-debug-x86\solving the cube.tlog\cl.write.1.tlog
c:\users\caeta\documents\programming\c++\solving the cube\solving the cube\build\obj\solving the cube-debug-x86\solving the cube.tlog\link.command.1.tlog
c:\users\caeta\documents\programming\c++\solving the cube\solving the cube\build\obj\solving the cube-debug-x86\solving the cube.tlog\link.read.1.tlog
c:\users\caeta\documents\programming\c++\solving the cube\solving the cube\build\obj\solving the cube-debug-x86\solving the cube.tlog\link.write.1.tlog
